<?xml version="1.0" encoding="UTF-8"?>
<!-- Generated by org.testng.reporters.JUnitXMLReporter -->
<testsuite ignored="6" hostname="DESKTOP-1CCS179" failures="2" tests="2" name="Test" time="15.002" errors="0" timestamp="2023-02-02T20:06:45 IST">
  <testcase classname="com.ds.testLayer.LoginPageTest" name="verifyLoginWithCorrectCred" time="0.005">
    <failure type="java.lang.NullPointerException" message="Cannot invoke &amp;quot;org.apache.log4j.Logger.info(Object)&amp;quot; because &amp;quot;this.logger&amp;quot; is null">
      <![CDATA[java.lang.NullPointerException: Cannot invoke "org.apache.log4j.Logger.info(Object)" because "this.logger" is null
at com.ds.utilities.ListernerSetup.onTestStart(ListernerSetup.java:13)
at java.base/java.util.ArrayList.forEach(ArrayList.java:1511)
... Removed 24 stack frames]]>
    </failure>
  </testcase> <!-- verifyLoginWithCorrectCred -->
  <testcase classname="com.ds.testLayer.LoginPageTest" name="verifyLoginWithCorrectCred" time="14.833">
    <failure type="java.lang.NullPointerException" message="Cannot invoke &amp;quot;org.apache.log4j.Logger.info(Object)&amp;quot; because &amp;quot;this.logger&amp;quot; is null">
      <![CDATA[java.lang.NullPointerException: Cannot invoke "org.apache.log4j.Logger.info(Object)" because "this.logger" is null
at com.ds.utilities.ListernerSetup.onTestFailure(ListernerSetup.java:24)
at java.base/java.util.ArrayList.forEach(ArrayList.java:1511)
... Removed 24 stack frames]]>
    </failure>
  </testcase> <!-- verifyLoginWithCorrectCred -->
  <testcase classname="com.ds.testBase.TestBase" name="@BeforeTest start" time="0.0">
    <ignored/>
  </testcase> <!-- @BeforeTest start -->
  <testcase classname="com.ds.testBase.TestBase" name="@BeforeTest start" time="0.0">
    <ignored/>
  </testcase> <!-- @BeforeTest start -->
  <testcase classname="com.ds.testBase.TestBase" name="@BeforeTest start" time="0.0">
    <ignored/>
  </testcase> <!-- @BeforeTest start -->
  <testcase classname="com.ds.testBase.TestBase" name="@AfterTest end" time="0.0">
    <ignored/>
  </testcase> <!-- @AfterTest end -->
  <testcase classname="com.ds.testBase.TestBase" name="@AfterTest end" time="0.0">
    <ignored/>
  </testcase> <!-- @AfterTest end -->
  <testcase classname="com.ds.testBase.TestBase" name="@AfterTest end" time="0.0">
    <ignored/>
  </testcase> <!-- @AfterTest end -->
</testsuite> <!-- Test -->
