<?xml version="1.0" encoding="UTF-8"?>
<testng-results ignored="0" total="1" passed="1" failed="0" skipped="0">
  <reporter-output>
  </reporter-output>
  <suite started-at="2023-02-02T19:43:48 IST" name="Default suite" finished-at="2023-02-02T19:43:48 IST" duration-ms="37">
    <groups>
    </groups>
    <test started-at="2023-02-02T19:43:48 IST" name="Default test" finished-at="2023-02-02T19:43:48 IST" duration-ms="37">
      <class name="com.ds.utilities.ReadConfig">
        <test-method signature="getApplicationUrl()[pri:0, instance:com.ds.utilities.ReadConfig@5f058f00]" started-at="2023-02-02T19:43:48 IST" name="getApplicationUrl" finished-at="2023-02-02T19:43:48 IST" duration-ms="8" status="PASS">
          <reporter-output>
          </reporter-output>
        </test-method> <!-- getApplicationUrl -->
      </class> <!-- com.ds.utilities.ReadConfig -->
    </test> <!-- Default test -->
  </suite> <!-- Default suite -->
</testng-results>
